> Task :compileJava UP-TO-DATE
> Task :processResources UP-TO-DATE
> Task :classes UP-TO-DATE
> Task :resolveMainClassName UP-TO-DATE

> Task :bootRun

  .   ____          _            __ _ _
 /\\ / ___'_ __ _ _(_)_ __  __ _ \ \ \ \
( ( )\___ | '_ | '_| | '_ \/ _` | \ \ \ \
 \\/  ___)| |_)| | | | | || (_| |  ) ) ) )
  '  |____| .__|_| |_|_| |_\__, | / / / /
 =========|_|==============|___/=/_/_/_/

 :: Spring Boot ::                (v3.5.0)

2026-02-26T11:10:14.636+09:00  INFO 25448 --- [demo] [  restartedMain] com.demo.DemoApplication                 : Starting DemoApplication using Java 17.0.13 with PID 25448 (C:\my_study\GIGA-Interior\demo\build\classes\java\main started by bum in C:\my_study\GIGA-Interior\demo)
2026-02-26T11:10:14.636+09:00  INFO 25448 --- [demo] [  restartedMain] com.demo.DemoApplication                 : The following 1 profile is active: "local"
2026-02-26T11:10:14.677+09:00  INFO 25448 --- [demo] [  restartedMain] .e.DevToolsPropertyDefaultsPostProcessor : Devtools property defaults active! Set 'spring.devtools.add-properties' to 'false' to disable
2026-02-26T11:10:14.677+09:00  INFO 25448 --- [demo] [  restartedMain] .e.DevToolsPropertyDefaultsPostProcessor : For additional web related logging consider setting the 'logging.level.web' property to 'DEBUG'
2026-02-26T11:10:15.181+09:00  INFO 25448 --- [demo] [  restartedMain] .s.d.r.c.RepositoryConfigurationDelegate : Bootstrapping Spring Data JPA repositories in DEFAULT mode.
2026-02-26T11:10:15.289+09:00  INFO 25448 --- [demo] [  restartedMain] .s.d.r.c.RepositoryConfigurationDelegate : Finished Spring Data repository scanning in 101 ms. Found 12 JPA repository interfaces.
2026-02-26T11:10:15.856+09:00  INFO 25448 --- [demo] [  restartedMain] o.s.b.w.embedded.tomcat.TomcatWebServer  : Tomcat initialized with port 8080 (http)
2026-02-26T11:10:15.868+09:00  INFO 25448 --- [demo] [  restartedMain] o.apache.catalina.core.StandardService   : Starting service [Tomcat]
2026-02-26T11:10:15.868+09:00  INFO 25448 --- [demo] [  restartedMain] o.apache.catalina.core.StandardEngine    : Starting Servlet engine: [Apache Tomcat/10.1.41]
2026-02-26T11:10:15.897+09:00  INFO 25448 --- [demo] [  restartedMain] o.a.c.c.C.[Tomcat].[localhost].[/]       : Initializing Spring embedded WebApplicationContext
2026-02-26T11:10:15.898+09:00  INFO 25448 --- [demo] [  restartedMain] w.s.c.ServletWebServerApplicationContext : Root WebApplicationContext: initialization completed in 1220 ms
2026-02-26T11:10:16.022+09:00  INFO 25448 --- [demo] [  restartedMain] o.hibernate.jpa.internal.util.LogHelper  : HHH000204: Processing PersistenceUnitInfo [name: default]
2026-02-26T11:10:16.061+09:00  INFO 25448 --- [demo] [  restartedMain] org.hibernate.Version                    : HHH000412: Hibernate ORM core version 6.6.15.Final
2026-02-26T11:10:16.081+09:00  INFO 25448 --- [demo] [  restartedMain] o.h.c.internal.RegionFactoryInitiator    : HHH000026: Second-level cache disabled
2026-02-26T11:10:16.267+09:00  INFO 25448 --- [demo] [  restartedMain] o.s.o.j.p.SpringPersistenceUnitInfo      : No LoadTimeWeaver setup: ignoring JPA class transformer
2026-02-26T11:10:16.290+09:00  INFO 25448 --- [demo] [  restartedMain] com.zaxxer.hikari.HikariDataSource       : HikariPool-1 - Starting...
2026-02-26T11:10:16.390+09:00  INFO 25448 --- [demo] [  restartedMain] com.zaxxer.hikari.pool.HikariPool        : HikariPool-1 - Added connection com.mysql.cj.jdbc.ConnectionImpl@3b1eef65
2026-02-26T11:10:16.390+09:00  INFO 25448 --- [demo] [  restartedMain] com.zaxxer.hikari.HikariDataSource       : HikariPool-1 - Start completed.
2026-02-26T11:10:16.445+09:00  INFO 25448 --- [demo] [  restartedMain] org.hibernate.orm.connections.pooling    : HHH10001005: Database info:
	Database JDBC URL [Connecting through datasource 'HikariDataSource (HikariPool-1)']
	Database driver: undefined/unknown
	Database version: 8.0.37
	Autocommit mode: undefined/unknown
	Isolation level: undefined/unknown
	Minimum pool size: undefined/unknown
	Maximum pool size: undefined/unknown
2026-02-26T11:10:17.166+09:00  INFO 25448 --- [demo] [  restartedMain] o.h.e.t.j.p.i.JtaPlatformInitiator       : HHH000489: No JTA platform available (set 'hibernate.transaction.jta.platform' to enable JTA platform integration)
2026-02-26T11:10:17.228+09:00  INFO 25448 --- [demo] [  restartedMain] j.LocalContainerEntityManagerFactoryBean : Initialized JPA EntityManagerFactory for persistence unit 'default'
2026-02-26T11:10:17.754+09:00  WARN 25448 --- [demo] [  restartedMain] JpaBaseConfiguration$JpaWebConfiguration : spring.jpa.open-in-view is enabled by default. Therefore, database queries may be performed during view rendering. Explicitly configure spring.jpa.open-in-view to disable this warning
2026-02-26T11:10:17.991+09:00  INFO 25448 --- [demo] [  restartedMain] o.s.b.d.a.OptionalLiveReloadServer       : LiveReload server is running on port 35729
2026-02-26T11:10:18.011+09:00  INFO 25448 --- [demo] [  restartedMain] o.s.b.w.embedded.tomcat.TomcatWebServer  : Tomcat started on port 8080 (http) with context path '/'
2026-02-26T11:10:18.017+09:00  INFO 25448 --- [demo] [  restartedMain] com.demo.DemoApplication                 : Started DemoApplication in 3.697 seconds (process running for 3.959)
